<?xml version="1.0" encoding="UTF-8"?>
<!-- Generated by org.testng.reporters.JUnitReportReporter -->
<testsuite hostname="MLB-MYS-NMF-20" name="com.ontestautomation.restassured.authentication.AnotherTest" tests="1" failures="0" timestamp="19 Mar 2016 10:34:43 GMT" time="0.001" errors="0">
  <testcase name="f" time="0.001" classname="com.ontestautomation.restassured.authentication.AnotherTest"/>
</testsuite> <!-- com.ontestautomation.restassured.authentication.AnotherTest -->
