<?xml version="1.0" encoding="UTF-8"?>
<!-- Generated by org.testng.reporters.JUnitReportReporter -->
<testsuite hostname="MLB-MYS-NMF-20" name="com.ontestautomation.restassured.authentication.RestAssuredAuthenticationTest" tests="2" failures="0" timestamp="19 Mar 2016 10:34:43 GMT" time="5.389" errors="0">
  <testcase name="checkUserInfoContainsUserId" time="3.221" classname="com.ontestautomation.restassured.authentication.RestAssuredAuthenticationTest"/>
  <testcase name="checkNumberOfAssociatedPaymentsIsEqualToZero" time="2.168" classname="com.ontestautomation.restassured.authentication.RestAssuredAuthenticationTest"/>
</testsuite> <!-- com.ontestautomation.restassured.authentication.RestAssuredAuthenticationTest -->
