<?xml version="1.0" encoding="UTF-8"?>
<!-- Generated by org.testng.reporters.JUnitReportReporter -->
<testsuite hostname="Bas" name="com.ontestautomation.restassured.authentication.RestAssuredAuthenticationTest" tests="3" failures="0" timestamp="10 Mar 2016 05:28:01 GMT" time="3.929" errors="0">
  <testcase name="checkUserInfoContainsUserId" time="1.480" classname="com.ontestautomation.restassured.authentication.RestAssuredAuthenticationTest"/>
  <testcase name="checkNumberOfAssociatedPaymentsIsEqualToZero" time="1.307" classname="com.ontestautomation.restassured.authentication.RestAssuredAuthenticationTest"/>
  <testcase name="dummy" time="1.142" classname="com.ontestautomation.restassured.authentication.RestAssuredAuthenticationTest"/>
</testsuite> <!-- com.ontestautomation.restassured.authentication.RestAssuredAuthenticationTest -->
